<?xml version="1.0" encoding="UTF-8"?>
<testng-results ignored="0" total="3" passed="3" failed="0" skipped="0">
  <reporter-output>
  </reporter-output>
  <suite started-at="2021-07-03T22:38:13 IST" name="Suite" finished-at="2021-07-03T22:39:29 IST" duration-ms="75666">
    <groups>
    </groups>
    <test started-at="2021-07-03T22:38:13 IST" name="Test" finished-at="2021-07-03T22:39:29 IST" duration-ms="75666">
      <class name="activity1.NewTest">
        <test-method is-config="true" signature="beforeTest()[pri:0, instance:activity1.NewTest@37654521]" started-at="2021-07-03T22:38:13 IST" name="beforeTest" finished-at="2021-07-03T22:38:28 IST" duration-ms="15152" status="PASS">
          <reporter-output>
          </reporter-output>
        </test-method> <!-- beforeTest -->
        <test-method is-config="true" signature="t()[pri:0, instance:activity1.NewTest@37654521]" started-at="2021-07-03T22:38:51 IST" name="t" finished-at="2021-07-03T22:38:51 IST" duration-ms="1" status="PASS">
          <reporter-output>
          </reporter-output>
        </test-method> <!-- t -->
        <test-method signature="f()[pri:0, instance:activity1.NewTest@37654521]" started-at="2021-07-03T22:38:51 IST" name="f" finished-at="2021-07-03T22:38:53 IST" duration-ms="1728" status="PASS">
          <reporter-output>
          </reporter-output>
        </test-method> <!-- f -->
        <test-method is-config="true" signature="t1()[pri:0, instance:activity1.NewTest@37654521]" started-at="2021-07-03T22:38:53 IST" name="t1" finished-at="2021-07-03T22:38:53 IST" duration-ms="0" status="PASS">
          <reporter-output>
          </reporter-output>
        </test-method> <!-- t1 -->
        <test-method is-config="true" signature="t()[pri:0, instance:activity1.NewTest@37654521]" started-at="2021-07-03T22:38:53 IST" name="t" finished-at="2021-07-03T22:38:53 IST" duration-ms="1" status="PASS">
          <reporter-output>
          </reporter-output>
        </test-method> <!-- t -->
        <test-method signature="f1()[pri:0, instance:activity1.NewTest@37654521]" started-at="2021-07-03T22:38:53 IST" name="f1" finished-at="2021-07-03T22:39:24 IST" duration-ms="31251" status="PASS">
          <reporter-output>
          </reporter-output>
        </test-method> <!-- f1 -->
        <test-method is-config="true" signature="t1()[pri:0, instance:activity1.NewTest@37654521]" started-at="2021-07-03T22:39:24 IST" name="t1" finished-at="2021-07-03T22:39:24 IST" duration-ms="1" status="PASS">
          <reporter-output>
          </reporter-output>
        </test-method> <!-- t1 -->
        <test-method is-config="true" signature="afterTest()[pri:0, instance:activity1.NewTest@37654521]" started-at="2021-07-03T22:39:25 IST" name="afterTest" finished-at="2021-07-03T22:39:29 IST" duration-ms="3592" status="PASS">
          <reporter-output>
          </reporter-output>
        </test-method> <!-- afterTest -->
      </class> <!-- activity1.NewTest -->
      <class name="activity1.NewTest1">
        <test-method is-config="true" signature="beforeTest()[pri:0, instance:activity1.NewTest1@24fcf36f]" started-at="2021-07-03T22:38:28 IST" name="beforeTest" finished-at="2021-07-03T22:38:51 IST" duration-ms="23038" status="PASS">
          <reporter-output>
          </reporter-output>
        </test-method> <!-- beforeTest -->
        <test-method is-config="true" signature="beforeClass()[pri:0, instance:activity1.NewTest1@24fcf36f]" started-at="2021-07-03T22:39:24 IST" name="beforeClass" finished-at="2021-07-03T22:39:24 IST" duration-ms="0" status="PASS">
          <reporter-output>
          </reporter-output>
        </test-method> <!-- beforeClass -->
        <test-method signature="f()[pri:0, instance:activity1.NewTest1@24fcf36f]" started-at="2021-07-03T22:39:24 IST" name="f" finished-at="2021-07-03T22:39:25 IST" duration-ms="833" status="PASS">
          <reporter-output>
          </reporter-output>
        </test-method> <!-- f -->
        <test-method is-config="true" signature="afterClass()[pri:0, instance:activity1.NewTest1@24fcf36f]" started-at="2021-07-03T22:39:25 IST" name="afterClass" finished-at="2021-07-03T22:39:25 IST" duration-ms="0" status="PASS">
          <reporter-output>
          </reporter-output>
        </test-method> <!-- afterClass -->
        <test-method is-config="true" signature="afterTest()[pri:0, instance:activity1.NewTest1@24fcf36f]" started-at="2021-07-03T22:39:29 IST" name="afterTest" finished-at="2021-07-03T22:39:29 IST" duration-ms="0" status="PASS">
          <reporter-output>
          </reporter-output>
        </test-method> <!-- afterTest -->
      </class> <!-- activity1.NewTest1 -->
    </test> <!-- Test -->
  </suite> <!-- Suite -->
</testng-results>
