<?xml version="1.0" encoding="UTF-8"?>
<testng-results ignored="0" total="2" passed="2" failed="0" skipped="0">
  <reporter-output>
  </reporter-output>
  <suite started-at="2021-07-05T10:40:47 IST" name="Suite1" finished-at="2021-07-05T10:41:31 IST" duration-ms="44190">
    <groups>
    </groups>
    <test started-at="2021-07-05T10:40:47 IST" name="Test1" finished-at="2021-07-05T10:41:31 IST" duration-ms="44190">
      <class name="activity12.NewTest">
        <test-method is-config="true" signature="beforeClass()[pri:0, instance:activity12.NewTest@57af006c]" started-at="2021-07-05T10:40:47 IST" name="beforeClass" finished-at="2021-07-05T10:40:47 IST" duration-ms="14" status="PASS">
          <reporter-output>
          </reporter-output>
        </test-method> <!-- beforeClass -->
        <test-method signature="f1()[pri:0, instance:activity12.NewTest@57af006c]" started-at="2021-07-05T10:40:47 IST" name="f1" finished-at="2021-07-05T10:41:13 IST" duration-ms="25677" status="PASS">
          <reporter-output>
          </reporter-output>
        </test-method> <!-- f1 -->
        <test-method signature="f()[pri:0, instance:activity12.NewTest@57af006c]" started-at="2021-07-05T10:40:47 IST" name="f" finished-at="2021-07-05T10:40:58 IST" duration-ms="11500" status="PASS">
          <reporter-output>
          </reporter-output>
        </test-method> <!-- f -->
        <test-method is-config="true" signature="afterClass()[pri:0, instance:activity12.NewTest@57af006c]" started-at="2021-07-05T10:41:13 IST" name="afterClass" finished-at="2021-07-05T10:41:31 IST" duration-ms="18418" status="PASS">
          <reporter-output>
          </reporter-output>
        </test-method> <!-- afterClass -->
      </class> <!-- activity12.NewTest -->
    </test> <!-- Test1 -->
  </suite> <!-- Suite1 -->
</testng-results>
